The system is: Linux - 5.14.21-150500.55.49_13.0.56-cray_shasta_c - x86_64
Compiling the C compiler identification source file "CMakeCCompilerId.c" succeeded.
Compiler: /opt/cray/pe/craype/2.7.23/bin/cc 
Build flags: 
Id flags:  

The output was:
0


Compilation of the C compiler identification source "CMakeCCompilerId.c" produced "a.out"

The C compiler identification is Clang, found in "/pfs/lustrep1/scratch/project_465000972/test/HPCTrainingExamples/HIP/rocblasother/build/CMakeFiles/3.20.4/CompilerIdC/a.out"

Compiling the CXX compiler identification source file "CMakeCXXCompilerId.cpp" succeeded.
Compiler: /opt/cray/pe/craype/2.7.23/bin/CC 
Build flags: 
Id flags:  

The output was:
0


Compilation of the CXX compiler identification source "CMakeCXXCompilerId.cpp" produced "a.out"

The CXX compiler identification is Clang, found in "/pfs/lustrep1/scratch/project_465000972/test/HPCTrainingExamples/HIP/rocblasother/build/CMakeFiles/3.20.4/CompilerIdCXX/a.out"

Detecting C compiler ABI info compiled with the following output:
Change Dir: /pfs/lustrep1/scratch/project_465000972/test/HPCTrainingExamples/HIP/rocblasother/build/CMakeFiles/CMakeTmp

Run Build Command(s):/usr/bin/gmake -f Makefile cmTC_f543d/fast && /usr/bin/gmake  -f CMakeFiles/cmTC_f543d.dir/build.make CMakeFiles/cmTC_f543d.dir/build
gmake[1]: Entering directory '/pfs/lustrep1/scratch/project_465000972/test/HPCTrainingExamples/HIP/rocblasother/build/CMakeFiles/CMakeTmp'
Building C object CMakeFiles/cmTC_f543d.dir/CMakeCCompilerABI.c.o
/opt/cray/pe/craype/2.7.23/bin/cc   -v -MD -MT CMakeFiles/cmTC_f543d.dir/CMakeCCompilerABI.c.o -MF CMakeFiles/cmTC_f543d.dir/CMakeCCompilerABI.c.o.d -o CMakeFiles/cmTC_f543d.dir/CMakeCCompilerABI.c.o -c /usr/share/cmake/Modules/CMakeCCompilerABI.c
Cray clang version 16.0.1  (6d4824324d375100ba18ca639dfc956fe6546d06)
Target: x86_64-unknown-linux-gnu
Thread model: posix
InstalledDir: /opt/cray/pe/cce/16.0.1/cce-clang/x86_64/share/../bin
Found candidate GCC installation: /opt/cray/pe/gcc/10.3.0/snos/lib/gcc/x86_64-suse-linux/10.3.0
Selected GCC installation: /opt/cray/pe/gcc/10.3.0/snos/lib/gcc/x86_64-suse-linux/10.3.0
Candidate multilib: .;@m64
Selected multilib: .;@m64
Found HIP installation: /opt/rocm-6.0.3, version 6.0.32831
 (in-process)
 "/opt/cray/pe/cce/16.0.1/cce-clang/x86_64/bin/clang-16" -cc1 -triple x86_64-unknown-linux-gnu -mllvm -cray-omp-opt-fork-call -mllvm -cray-omp-parallel-opt-call -mllvm -cray-openmp-rename-outlined -fcray-gpu -flocal-restrict -mllvm -cray-enhanced-asm=1 -fenhanced-asm=1 -mllvm -cray-enhanced-ir=1 -fenhanced-ir=1 -fomp-local-offload-table -ffortran -emit-obj -mrelax-all -disable-free -clear-ast-before-backend -main-file-name CMakeCCompilerABI.c -mrelocation-model static -mframe-pointer=all -fmath-errno -ffp-contract=on -fno-rounding-math -mconstructor-aliases -funwind-tables=2 -target-cpu znver3 -mllvm -treat-scalable-fixed-error-as-warning -debugger-tuning=gdb -v -fcoverage-compilation-dir=/pfs/lustrep1/scratch/project_465000972/test/HPCTrainingExamples/HIP/rocblasother/build/CMakeFiles/CMakeTmp -resource-dir /opt/cray/pe/cce/16.0.1/cce-clang/x86_64/lib/clang/16 -dependency-file CMakeFiles/cmTC_f543d.dir/CMakeCCompilerABI.c.o.d -MT CMakeFiles/cmTC_f543d.dir/CMakeCCompilerABI.c.o -sys-header-deps -isystem /opt/cray/pe/cce/16.0.1/cce-clang/x86_64/lib/clang/16/include -isystem /opt/cray/pe/cce/16.0.1/cce/x86_64/include/craylibs -D __CRAY_X86_TRENTO -D __CRAY_AMD_GFX90A -D __CRAYXT_COMPUTE_LINUX_TARGET -D __HIP_PLATFORM_AMD__ -I /opt/cray/pe/libsci/23.09.1.1/CRAY/12.0/x86_64/include -I /opt/cray/pe/mpich/8.1.27/ofi/cray/14.0/include -I /opt/rocm-6.0.3/include -I /opt/rocm-6.0.3/include/rocprofiler -I /opt/rocm-6.0.3/include/roctracer -I /opt/cray/xpmem/2.8.2-1.0_5.1__g84a27a5.shasta/include -I /opt/cray/pe/dsmml/0.2.2/dsmml//include -internal-isystem /opt/cray/pe/cce/16.0.1/cce-clang/x86_64/lib/clang/16/include -internal-isystem /usr/local/include -internal-isystem /opt/cray/pe/gcc/10.3.0/snos/lib/gcc/x86_64-suse-linux/10.3.0/../../../../x86_64-suse-linux/include -internal-externc-isystem /include -internal-externc-isystem /usr/include -fdebug-compilation-dir=/pfs/lustrep1/scratch/project_465000972/test/HPCTrainingExamples/HIP/rocblasother/build/CMakeFiles/CMakeTmp -ferror-limit 19 -fgnuc-version=4.2.1 -faddrsig -D__GCC_HAVE_DWARF2_CFI_ASM=1 -o CMakeFiles/cmTC_f543d.dir/CMakeCCompilerABI.c.o -x c /usr/share/cmake/Modules/CMakeCCompilerABI.c
clang -cc1 version 16.0.6 based upon LLVM 16.0.6 default target x86_64-unknown-linux-gnu
ignoring nonexistent directory "/opt/cray/pe/gcc/10.3.0/snos/lib/gcc/x86_64-suse-linux/10.3.0/../../../../x86_64-suse-linux/include"
ignoring nonexistent directory "/include"
ignoring duplicate directory "/opt/cray/pe/cce/16.0.1/cce-clang/x86_64/lib/clang/16/include"
#include "..." search starts here:
#include <...> search starts here:
 /opt/cray/pe/libsci/23.09.1.1/CRAY/12.0/x86_64/include
 /opt/cray/pe/mpich/8.1.27/ofi/cray/14.0/include
 /opt/rocm-6.0.3/include
 /opt/rocm-6.0.3/include/rocprofiler
 /opt/rocm-6.0.3/include/roctracer
 /opt/cray/xpmem/2.8.2-1.0_5.1__g84a27a5.shasta/include
 /opt/cray/pe/dsmml/0.2.2/dsmml//include
 /opt/cray/pe/cce/16.0.1/cce-clang/x86_64/lib/clang/16/include
 /opt/cray/pe/cce/16.0.1/cce/x86_64/include/craylibs
 /usr/local/include
 /usr/include
End of search list.
Linking C executable cmTC_f543d
/usr/bin/cmake -E cmake_link_script CMakeFiles/cmTC_f543d.dir/link.txt --verbose=1
/opt/cray/pe/craype/2.7.23/bin/cc  -v CMakeFiles/cmTC_f543d.dir/CMakeCCompilerABI.c.o -o cmTC_f543d 
Cray clang version 16.0.1  (6d4824324d375100ba18ca639dfc956fe6546d06)
Target: x86_64-unknown-linux-gnu
Thread model: posix
InstalledDir: /opt/cray/pe/cce/16.0.1/cce-clang/x86_64/share/../bin
Found candidate GCC installation: /opt/cray/pe/gcc/10.3.0/snos/lib/gcc/x86_64-suse-linux/10.3.0
Selected GCC installation: /opt/cray/pe/gcc/10.3.0/snos/lib/gcc/x86_64-suse-linux/10.3.0
Candidate multilib: .;@m64
Selected multilib: .;@m64
Found HIP installation: /opt/rocm-6.0.3, version 6.0.32831
 "/opt/cray/pe/cce/16.0.1/cce-clang/x86_64/share/../bin/ld.lld" --hash-style=gnu --eh-frame-hdr -m elf_x86_64 -dynamic-linker /lib64/ld-linux-x86-64.so.2 -o cmTC_f543d /usr/lib/../lib64/crt1.o /usr/lib/../lib64/crti.o /opt/cray/pe/cce/16.0.1/cce-clang/x86_64/lib/clang/16/lib/linux/clang_rt.crtbegin-x86_64.o -L/opt/cray/pe/libsci/23.09.1.1/CRAY/12.0/x86_64/lib -L/opt/cray/pe/mpich/8.1.27/ofi/cray/14.0/lib -L/opt/cray/pe/mpich/8.1.27/gtl/lib -L/opt/rocm-6.0.3/lib -L/opt/rocm-6.0.3/lib/rocprofiler -L/opt/rocm-6.0.3/lib/roctracer -L/opt/cray/xpmem/2.8.2-1.0_5.1__g84a27a5.shasta/lib64 -L/opt/cray/pe/dsmml/0.2.2/dsmml//lib -L/opt/cray/pe/cce/16.0.1/cce/x86_64/lib/pkgconfig/../ -L/opt/cray/pe/cce/16.0.1/cce-clang/x86_64/bin/../lib/x86_64-unknown-linux-gnu -L/opt/cray/pe/gcc/10.3.0/snos/lib/gcc/x86_64-suse-linux/10.3.0 -L/opt/cray/pe/gcc/10.3.0/snos/lib/gcc/x86_64-suse-linux/10.3.0/../../../../lib64 -L/lib/../lib64 -L/usr/lib/../lib64 -L/lib -L/usr/lib -plugin-opt=mcpu=znver3 -plugin-opt=lto=0 -plugin-opt=defaults=cray -plugin-opt=mllvm=-cray-math-precision=none -rpath=/opt/cray/pe/cce/16.0.1/cce/x86_64/lib CMakeFiles/cmTC_f543d.dir/CMakeCCompilerABI.c.o -lamdhip64 --as-needed -lsci_cray_mpi --no-as-needed --as-needed -lsci_cray --no-as-needed -ldl --as-needed -lmpi_cray --no-as-needed -lmpi_gtl_hsa --as-needed -ldsmml --no-as-needed -lxpmem --as-needed -lstdc++ --no-as-needed --as-needed -lpgas-shmem --no-as-needed -lquadmath -lmodules -lfi -lcraymath -lf -lu -lcsup --as-needed -lpthread -latomic --no-as-needed --as-needed -lm --no-as-needed --disable-new-dtags /opt/cray/pe/cce/16.0.1/cce/x86_64/lib/no_mmap.o /opt/cray/pe/cce/16.0.1/cce-clang/x86_64/lib/clang/16/lib/linux/libclang_rt.builtins-x86_64.a --as-needed -L/opt/cray/pe/cce/16.0.1/cce-clang/x86_64/lib/x86_64-unknown-linux-gnu -rpath=/opt/cray/pe/cce/16.0.1/cce-clang/x86_64/lib/x86_64-unknown-linux-gnu /opt/cray/pe/cce/16.0.1/cce-clang/x86_64/lib/x86_64-unknown-linux-gnu/libunwind.so -lunwind --no-as-needed -lc /opt/cray/pe/cce/16.0.1/cce-clang/x86_64/lib/clang/16/lib/linux/libclang_rt.builtins-x86_64.a --as-needed -L/opt/cray/pe/cce/16.0.1/cce-clang/x86_64/lib/x86_64-unknown-linux-gnu -rpath=/opt/cray/pe/cce/16.0.1/cce-clang/x86_64/lib/x86_64-unknown-linux-gnu /opt/cray/pe/cce/16.0.1/cce-clang/x86_64/lib/x86_64-unknown-linux-gnu/libunwind.so -lunwind --no-as-needed /opt/cray/pe/cce/16.0.1/cce-clang/x86_64/lib/clang/16/lib/linux/clang_rt.crtend-x86_64.o /usr/lib/../lib64/crtn.o
gmake[1]: Leaving directory '/pfs/lustrep1/scratch/project_465000972/test/HPCTrainingExamples/HIP/rocblasother/build/CMakeFiles/CMakeTmp'



Parsed C implicit include dir info from above output: rv=done
  found start of include info
  found start of implicit include info
    add: [/opt/cray/pe/libsci/23.09.1.1/CRAY/12.0/x86_64/include]
    add: [/opt/cray/pe/mpich/8.1.27/ofi/cray/14.0/include]
    add: [/opt/rocm-6.0.3/include]
    add: [/opt/rocm-6.0.3/include/rocprofiler]
    add: [/opt/rocm-6.0.3/include/roctracer]
    add: [/opt/cray/xpmem/2.8.2-1.0_5.1__g84a27a5.shasta/include]
    add: [/opt/cray/pe/dsmml/0.2.2/dsmml//include]
    add: [/opt/cray/pe/cce/16.0.1/cce-clang/x86_64/lib/clang/16/include]
    add: [/opt/cray/pe/cce/16.0.1/cce/x86_64/include/craylibs]
    add: [/usr/local/include]
    add: [/usr/include]
  end of search list found
  collapse include dir [/opt/cray/pe/libsci/23.09.1.1/CRAY/12.0/x86_64/include] ==> [/opt/cray/pe/libsci/23.09.1.1/CRAY/12.0/x86_64/include]
  collapse include dir [/opt/cray/pe/mpich/8.1.27/ofi/cray/14.0/include] ==> [/opt/cray/pe/mpich/8.1.27/ofi/cray/14.0/include]
  collapse include dir [/opt/rocm-6.0.3/include] ==> [/opt/rocm-6.0.3/include]
  collapse include dir [/opt/rocm-6.0.3/include/rocprofiler] ==> [/opt/rocm-6.0.3/include/rocprofiler]
  collapse include dir [/opt/rocm-6.0.3/include/roctracer] ==> [/opt/rocm-6.0.3/include/roctracer]
  collapse include dir [/opt/cray/xpmem/2.8.2-1.0_5.1__g84a27a5.shasta/include] ==> [/opt/cray/xpmem/2.8.2-1.0_5.1__g84a27a5.shasta/include]
  collapse include dir [/opt/cray/pe/dsmml/0.2.2/dsmml//include] ==> [/opt/cray/pe/dsmml/0.2.2/dsmml/include]
  collapse include dir [/opt/cray/pe/cce/16.0.1/cce-clang/x86_64/lib/clang/16/include] ==> [/opt/cray/pe/cce/16.0.1/cce-clang/x86_64/lib/clang/16/include]
  collapse include dir [/opt/cray/pe/cce/16.0.1/cce/x86_64/include/craylibs] ==> [/opt/cray/pe/cce/16.0.1/cce/x86_64/include/craylibs]
  collapse include dir [/usr/local/include] ==> [/usr/local/include]
  collapse include dir [/usr/include] ==> [/usr/include]
  implicit include dirs: [/opt/cray/pe/libsci/23.09.1.1/CRAY/12.0/x86_64/include;/opt/cray/pe/mpich/8.1.27/ofi/cray/14.0/include;/opt/rocm-6.0.3/include;/opt/rocm-6.0.3/include/rocprofiler;/opt/rocm-6.0.3/include/roctracer;/opt/cray/xpmem/2.8.2-1.0_5.1__g84a27a5.shasta/include;/opt/cray/pe/dsmml/0.2.2/dsmml/include;/opt/cray/pe/cce/16.0.1/cce-clang/x86_64/lib/clang/16/include;/opt/cray/pe/cce/16.0.1/cce/x86_64/include/craylibs;/usr/local/include;/usr/include]


Parsed C implicit link information from above output:
  link line regex: [^( *|.*[/\])(ld|CMAKE_LINK_STARTFILE-NOTFOUND|([^/\]+-)?ld|collect2)[^/\]*( |$)]
  ignore line: [Change Dir: /pfs/lustrep1/scratch/project_465000972/test/HPCTrainingExamples/HIP/rocblasother/build/CMakeFiles/CMakeTmp]
  ignore line: []
  ignore line: [Run Build Command(s):/usr/bin/gmake -f Makefile cmTC_f543d/fast && /usr/bin/gmake  -f CMakeFiles/cmTC_f543d.dir/build.make CMakeFiles/cmTC_f543d.dir/build]
  ignore line: [gmake[1]: Entering directory '/pfs/lustrep1/scratch/project_465000972/test/HPCTrainingExamples/HIP/rocblasother/build/CMakeFiles/CMakeTmp']
  ignore line: [Building C object CMakeFiles/cmTC_f543d.dir/CMakeCCompilerABI.c.o]
  ignore line: [/opt/cray/pe/craype/2.7.23/bin/cc   -v -MD -MT CMakeFiles/cmTC_f543d.dir/CMakeCCompilerABI.c.o -MF CMakeFiles/cmTC_f543d.dir/CMakeCCompilerABI.c.o.d -o CMakeFiles/cmTC_f543d.dir/CMakeCCompilerABI.c.o -c /usr/share/cmake/Modules/CMakeCCompilerABI.c]
  ignore line: [Cray clang version 16.0.1  (6d4824324d375100ba18ca639dfc956fe6546d06)]
  ignore line: [Target: x86_64-unknown-linux-gnu]
  ignore line: [Thread model: posix]
  ignore line: [InstalledDir: /opt/cray/pe/cce/16.0.1/cce-clang/x86_64/share/../bin]
  ignore line: [Found candidate GCC installation: /opt/cray/pe/gcc/10.3.0/snos/lib/gcc/x86_64-suse-linux/10.3.0]
  ignore line: [Selected GCC installation: /opt/cray/pe/gcc/10.3.0/snos/lib/gcc/x86_64-suse-linux/10.3.0]
  ignore line: [Candidate multilib: .]
  ignore line: [@m64]
  ignore line: [Selected multilib: .]
  ignore line: [@m64]
  ignore line: [Found HIP installation: /opt/rocm-6.0.3  version 6.0.32831]
  ignore line: [ (in-process)]
  ignore line: [ "/opt/cray/pe/cce/16.0.1/cce-clang/x86_64/bin/clang-16" -cc1 -triple x86_64-unknown-linux-gnu -mllvm -cray-omp-opt-fork-call -mllvm -cray-omp-parallel-opt-call -mllvm -cray-openmp-rename-outlined -fcray-gpu -flocal-restrict -mllvm -cray-enhanced-asm=1 -fenhanced-asm=1 -mllvm -cray-enhanced-ir=1 -fenhanced-ir=1 -fomp-local-offload-table -ffortran -emit-obj -mrelax-all -disable-free -clear-ast-before-backend -main-file-name CMakeCCompilerABI.c -mrelocation-model static -mframe-pointer=all -fmath-errno -ffp-contract=on -fno-rounding-math -mconstructor-aliases -funwind-tables=2 -target-cpu znver3 -mllvm -treat-scalable-fixed-error-as-warning -debugger-tuning=gdb -v -fcoverage-compilation-dir=/pfs/lustrep1/scratch/project_465000972/test/HPCTrainingExamples/HIP/rocblasother/build/CMakeFiles/CMakeTmp -resource-dir /opt/cray/pe/cce/16.0.1/cce-clang/x86_64/lib/clang/16 -dependency-file CMakeFiles/cmTC_f543d.dir/CMakeCCompilerABI.c.o.d -MT CMakeFiles/cmTC_f543d.dir/CMakeCCompilerABI.c.o -sys-header-deps -isystem /opt/cray/pe/cce/16.0.1/cce-clang/x86_64/lib/clang/16/include -isystem /opt/cray/pe/cce/16.0.1/cce/x86_64/include/craylibs -D __CRAY_X86_TRENTO -D __CRAY_AMD_GFX90A -D __CRAYXT_COMPUTE_LINUX_TARGET -D __HIP_PLATFORM_AMD__ -I /opt/cray/pe/libsci/23.09.1.1/CRAY/12.0/x86_64/include -I /opt/cray/pe/mpich/8.1.27/ofi/cray/14.0/include -I /opt/rocm-6.0.3/include -I /opt/rocm-6.0.3/include/rocprofiler -I /opt/rocm-6.0.3/include/roctracer -I /opt/cray/xpmem/2.8.2-1.0_5.1__g84a27a5.shasta/include -I /opt/cray/pe/dsmml/0.2.2/dsmml//include -internal-isystem /opt/cray/pe/cce/16.0.1/cce-clang/x86_64/lib/clang/16/include -internal-isystem /usr/local/include -internal-isystem /opt/cray/pe/gcc/10.3.0/snos/lib/gcc/x86_64-suse-linux/10.3.0/../../../../x86_64-suse-linux/include -internal-externc-isystem /include -internal-externc-isystem /usr/include -fdebug-compilation-dir=/pfs/lustrep1/scratch/project_465000972/test/HPCTrainingExamples/HIP/rocblasother/build/CMakeFiles/CMakeTmp -ferror-limit 19 -fgnuc-version=4.2.1 -faddrsig -D__GCC_HAVE_DWARF2_CFI_ASM=1 -o CMakeFiles/cmTC_f543d.dir/CMakeCCompilerABI.c.o -x c /usr/share/cmake/Modules/CMakeCCompilerABI.c]
  ignore line: [clang -cc1 version 16.0.6 based upon LLVM 16.0.6 default target x86_64-unknown-linux-gnu]
  ignore line: [ignoring nonexistent directory "/opt/cray/pe/gcc/10.3.0/snos/lib/gcc/x86_64-suse-linux/10.3.0/../../../../x86_64-suse-linux/include"]
  ignore line: [ignoring nonexistent directory "/include"]
  ignore line: [ignoring duplicate directory "/opt/cray/pe/cce/16.0.1/cce-clang/x86_64/lib/clang/16/include"]
  ignore line: [#include "..." search starts here:]
  ignore line: [#include <...> search starts here:]
  ignore line: [ /opt/cray/pe/libsci/23.09.1.1/CRAY/12.0/x86_64/include]
  ignore line: [ /opt/cray/pe/mpich/8.1.27/ofi/cray/14.0/include]
  ignore line: [ /opt/rocm-6.0.3/include]
  ignore line: [ /opt/rocm-6.0.3/include/rocprofiler]
  ignore line: [ /opt/rocm-6.0.3/include/roctracer]
  ignore line: [ /opt/cray/xpmem/2.8.2-1.0_5.1__g84a27a5.shasta/include]
  ignore line: [ /opt/cray/pe/dsmml/0.2.2/dsmml//include]
  ignore line: [ /opt/cray/pe/cce/16.0.1/cce-clang/x86_64/lib/clang/16/include]
  ignore line: [ /opt/cray/pe/cce/16.0.1/cce/x86_64/include/craylibs]
  ignore line: [ /usr/local/include]
  ignore line: [ /usr/include]
  ignore line: [End of search list.]
  ignore line: [Linking C executable cmTC_f543d]
  ignore line: [/usr/bin/cmake -E cmake_link_script CMakeFiles/cmTC_f543d.dir/link.txt --verbose=1]
  ignore line: [/opt/cray/pe/craype/2.7.23/bin/cc  -v CMakeFiles/cmTC_f543d.dir/CMakeCCompilerABI.c.o -o cmTC_f543d ]
  ignore line: [Cray clang version 16.0.1  (6d4824324d375100ba18ca639dfc956fe6546d06)]
  ignore line: [Target: x86_64-unknown-linux-gnu]
  ignore line: [Thread model: posix]
  ignore line: [InstalledDir: /opt/cray/pe/cce/16.0.1/cce-clang/x86_64/share/../bin]
  ignore line: [Found candidate GCC installation: /opt/cray/pe/gcc/10.3.0/snos/lib/gcc/x86_64-suse-linux/10.3.0]
  ignore line: [Selected GCC installation: /opt/cray/pe/gcc/10.3.0/snos/lib/gcc/x86_64-suse-linux/10.3.0]
  ignore line: [Candidate multilib: .]
  ignore line: [@m64]
  ignore line: [Selected multilib: .]
  ignore line: [@m64]
  ignore line: [Found HIP installation: /opt/rocm-6.0.3  version 6.0.32831]
  link line: [ "/opt/cray/pe/cce/16.0.1/cce-clang/x86_64/share/../bin/ld.lld" --hash-style=gnu --eh-frame-hdr -m elf_x86_64 -dynamic-linker /lib64/ld-linux-x86-64.so.2 -o cmTC_f543d /usr/lib/../lib64/crt1.o /usr/lib/../lib64/crti.o /opt/cray/pe/cce/16.0.1/cce-clang/x86_64/lib/clang/16/lib/linux/clang_rt.crtbegin-x86_64.o -L/opt/cray/pe/libsci/23.09.1.1/CRAY/12.0/x86_64/lib -L/opt/cray/pe/mpich/8.1.27/ofi/cray/14.0/lib -L/opt/cray/pe/mpich/8.1.27/gtl/lib -L/opt/rocm-6.0.3/lib -L/opt/rocm-6.0.3/lib/rocprofiler -L/opt/rocm-6.0.3/lib/roctracer -L/opt/cray/xpmem/2.8.2-1.0_5.1__g84a27a5.shasta/lib64 -L/opt/cray/pe/dsmml/0.2.2/dsmml//lib -L/opt/cray/pe/cce/16.0.1/cce/x86_64/lib/pkgconfig/../ -L/opt/cray/pe/cce/16.0.1/cce-clang/x86_64/bin/../lib/x86_64-unknown-linux-gnu -L/opt/cray/pe/gcc/10.3.0/snos/lib/gcc/x86_64-suse-linux/10.3.0 -L/opt/cray/pe/gcc/10.3.0/snos/lib/gcc/x86_64-suse-linux/10.3.0/../../../../lib64 -L/lib/../lib64 -L/usr/lib/../lib64 -L/lib -L/usr/lib -plugin-opt=mcpu=znver3 -plugin-opt=lto=0 -plugin-opt=defaults=cray -plugin-opt=mllvm=-cray-math-precision=none -rpath=/opt/cray/pe/cce/16.0.1/cce/x86_64/lib CMakeFiles/cmTC_f543d.dir/CMakeCCompilerABI.c.o -lamdhip64 --as-needed -lsci_cray_mpi --no-as-needed --as-needed -lsci_cray --no-as-needed -ldl --as-needed -lmpi_cray --no-as-needed -lmpi_gtl_hsa --as-needed -ldsmml --no-as-needed -lxpmem --as-needed -lstdc++ --no-as-needed --as-needed -lpgas-shmem --no-as-needed -lquadmath -lmodules -lfi -lcraymath -lf -lu -lcsup --as-needed -lpthread -latomic --no-as-needed --as-needed -lm --no-as-needed --disable-new-dtags /opt/cray/pe/cce/16.0.1/cce/x86_64/lib/no_mmap.o /opt/cray/pe/cce/16.0.1/cce-clang/x86_64/lib/clang/16/lib/linux/libclang_rt.builtins-x86_64.a --as-needed -L/opt/cray/pe/cce/16.0.1/cce-clang/x86_64/lib/x86_64-unknown-linux-gnu -rpath=/opt/cray/pe/cce/16.0.1/cce-clang/x86_64/lib/x86_64-unknown-linux-gnu /opt/cray/pe/cce/16.0.1/cce-clang/x86_64/lib/x86_64-unknown-linux-gnu/libunwind.so -lunwind --no-as-needed -lc /opt/cray/pe/cce/16.0.1/cce-clang/x86_64/lib/clang/16/lib/linux/libclang_rt.builtins-x86_64.a --as-needed -L/opt/cray/pe/cce/16.0.1/cce-clang/x86_64/lib/x86_64-unknown-linux-gnu -rpath=/opt/cray/pe/cce/16.0.1/cce-clang/x86_64/lib/x86_64-unknown-linux-gnu /opt/cray/pe/cce/16.0.1/cce-clang/x86_64/lib/x86_64-unknown-linux-gnu/libunwind.so -lunwind --no-as-needed /opt/cray/pe/cce/16.0.1/cce-clang/x86_64/lib/clang/16/lib/linux/clang_rt.crtend-x86_64.o /usr/lib/../lib64/crtn.o]
    arg [/opt/cray/pe/cce/16.0.1/cce-clang/x86_64/share/../bin/ld.lld] ==> ignore
    arg [--hash-style=gnu] ==> ignore
    arg [--eh-frame-hdr] ==> ignore
    arg [-m] ==> ignore
    arg [elf_x86_64] ==> ignore
    arg [-dynamic-linker] ==> ignore
    arg [/lib64/ld-linux-x86-64.so.2] ==> ignore
    arg [-o] ==> ignore
    arg [cmTC_f543d] ==> ignore
    arg [/usr/lib/../lib64/crt1.o] ==> obj [/usr/lib/../lib64/crt1.o]
    arg [/usr/lib/../lib64/crti.o] ==> obj [/usr/lib/../lib64/crti.o]
    arg [/opt/cray/pe/cce/16.0.1/cce-clang/x86_64/lib/clang/16/lib/linux/clang_rt.crtbegin-x86_64.o] ==> obj [/opt/cray/pe/cce/16.0.1/cce-clang/x86_64/lib/clang/16/lib/linux/clang_rt.crtbegin-x86_64.o]
    arg [-L/opt/cray/pe/libsci/23.09.1.1/CRAY/12.0/x86_64/lib] ==> dir [/opt/cray/pe/libsci/23.09.1.1/CRAY/12.0/x86_64/lib]
    arg [-L/opt/cray/pe/mpich/8.1.27/ofi/cray/14.0/lib] ==> dir [/opt/cray/pe/mpich/8.1.27/ofi/cray/14.0/lib]
    arg [-L/opt/cray/pe/mpich/8.1.27/gtl/lib] ==> dir [/opt/cray/pe/mpich/8.1.27/gtl/lib]
    arg [-L/opt/rocm-6.0.3/lib] ==> dir [/opt/rocm-6.0.3/lib]
    arg [-L/opt/rocm-6.0.3/lib/rocprofiler] ==> dir [/opt/rocm-6.0.3/lib/rocprofiler]
    arg [-L/opt/rocm-6.0.3/lib/roctracer] ==> dir [/opt/rocm-6.0.3/lib/roctracer]
    arg [-L/opt/cray/xpmem/2.8.2-1.0_5.1__g84a27a5.shasta/lib64] ==> dir [/opt/cray/xpmem/2.8.2-1.0_5.1__g84a27a5.shasta/lib64]
    arg [-L/opt/cray/pe/dsmml/0.2.2/dsmml//lib] ==> dir [/opt/cray/pe/dsmml/0.2.2/dsmml//lib]
    arg [-L/opt/cray/pe/cce/16.0.1/cce/x86_64/lib/pkgconfig/../] ==> dir [/opt/cray/pe/cce/16.0.1/cce/x86_64/lib/pkgconfig/../]
    arg [-L/opt/cray/pe/cce/16.0.1/cce-clang/x86_64/bin/../lib/x86_64-unknown-linux-gnu] ==> dir [/opt/cray/pe/cce/16.0.1/cce-clang/x86_64/bin/../lib/x86_64-unknown-linux-gnu]
    arg [-L/opt/cray/pe/gcc/10.3.0/snos/lib/gcc/x86_64-suse-linux/10.3.0] ==> dir [/opt/cray/pe/gcc/10.3.0/snos/lib/gcc/x86_64-suse-linux/10.3.0]
    arg [-L/opt/cray/pe/gcc/10.3.0/snos/lib/gcc/x86_64-suse-linux/10.3.0/../../../../lib64] ==> dir [/opt/cray/pe/gcc/10.3.0/snos/lib/gcc/x86_64-suse-linux/10.3.0/../../../../lib64]
    arg [-L/lib/../lib64] ==> dir [/lib/../lib64]
    arg [-L/usr/lib/../lib64] ==> dir [/usr/lib/../lib64]
    arg [-L/lib] ==> dir [/lib]
    arg [-L/usr/lib] ==> dir [/usr/lib]
    arg [-plugin-opt=mcpu=znver3] ==> ignore
    arg [-plugin-opt=lto=0] ==> ignore
    arg [-plugin-opt=defaults=cray] ==> ignore
    arg [-plugin-opt=mllvm=-cray-math-precision=none] ==> ignore
    arg [-rpath=/opt/cray/pe/cce/16.0.1/cce/x86_64/lib] ==> ignore
    arg [CMakeFiles/cmTC_f543d.dir/CMakeCCompilerABI.c.o] ==> ignore
    arg [-lamdhip64] ==> lib [amdhip64]
    arg [--as-needed] ==> ignore
    arg [-lsci_cray_mpi] ==> lib [sci_cray_mpi]
    arg [--no-as-needed] ==> ignore
    arg [--as-needed] ==> ignore
    arg [-lsci_cray] ==> lib [sci_cray]
    arg [--no-as-needed] ==> ignore
    arg [-ldl] ==> lib [dl]
    arg [--as-needed] ==> ignore
    arg [-lmpi_cray] ==> lib [mpi_cray]
    arg [--no-as-needed] ==> ignore
    arg [-lmpi_gtl_hsa] ==> lib [mpi_gtl_hsa]
    arg [--as-needed] ==> ignore
    arg [-ldsmml] ==> lib [dsmml]
    arg [--no-as-needed] ==> ignore
    arg [-lxpmem] ==> lib [xpmem]
    arg [--as-needed] ==> ignore
    arg [-lstdc++] ==> lib [stdc++]
    arg [--no-as-needed] ==> ignore
    arg [--as-needed] ==> ignore
    arg [-lpgas-shmem] ==> lib [pgas-shmem]
    arg [--no-as-needed] ==> ignore
    arg [-lquadmath] ==> lib [quadmath]
    arg [-lmodules] ==> lib [modules]
    arg [-lfi] ==> lib [fi]
    arg [-lcraymath] ==> lib [craymath]
    arg [-lf] ==> lib [f]
    arg [-lu] ==> lib [u]
    arg [-lcsup] ==> lib [csup]
    arg [--as-needed] ==> ignore
    arg [-lpthread] ==> lib [pthread]
    arg [-latomic] ==> lib [atomic]
    arg [--no-as-needed] ==> ignore
    arg [--as-needed] ==> ignore
    arg [-lm] ==> lib [m]
    arg [--no-as-needed] ==> ignore
    arg [--disable-new-dtags] ==> ignore
    arg [/opt/cray/pe/cce/16.0.1/cce/x86_64/lib/no_mmap.o] ==> obj [/opt/cray/pe/cce/16.0.1/cce/x86_64/lib/no_mmap.o]
    arg [/opt/cray/pe/cce/16.0.1/cce-clang/x86_64/lib/clang/16/lib/linux/libclang_rt.builtins-x86_64.a] ==> lib [/opt/cray/pe/cce/16.0.1/cce-clang/x86_64/lib/clang/16/lib/linux/libclang_rt.builtins-x86_64.a]
    arg [--as-needed] ==> ignore
    arg [-L/opt/cray/pe/cce/16.0.1/cce-clang/x86_64/lib/x86_64-unknown-linux-gnu] ==> dir [/opt/cray/pe/cce/16.0.1/cce-clang/x86_64/lib/x86_64-unknown-linux-gnu]
    arg [-rpath=/opt/cray/pe/cce/16.0.1/cce-clang/x86_64/lib/x86_64-unknown-linux-gnu] ==> ignore
    arg [/opt/cray/pe/cce/16.0.1/cce-clang/x86_64/lib/x86_64-unknown-linux-gnu/libunwind.so] ==> ignore
    arg [-lunwind] ==> lib [unwind]
    arg [--no-as-needed] ==> ignore
    arg [-lc] ==> lib [c]
    arg [/opt/cray/pe/cce/16.0.1/cce-clang/x86_64/lib/clang/16/lib/linux/libclang_rt.builtins-x86_64.a] ==> lib [/opt/cray/pe/cce/16.0.1/cce-clang/x86_64/lib/clang/16/lib/linux/libclang_rt.builtins-x86_64.a]
    arg [--as-needed] ==> ignore
    arg [-L/opt/cray/pe/cce/16.0.1/cce-clang/x86_64/lib/x86_64-unknown-linux-gnu] ==> dir [/opt/cray/pe/cce/16.0.1/cce-clang/x86_64/lib/x86_64-unknown-linux-gnu]
    arg [-rpath=/opt/cray/pe/cce/16.0.1/cce-clang/x86_64/lib/x86_64-unknown-linux-gnu] ==> ignore
    arg [/opt/cray/pe/cce/16.0.1/cce-clang/x86_64/lib/x86_64-unknown-linux-gnu/libunwind.so] ==> ignore
    arg [-lunwind] ==> lib [unwind]
    arg [--no-as-needed] ==> ignore
    arg [/opt/cray/pe/cce/16.0.1/cce-clang/x86_64/lib/clang/16/lib/linux/clang_rt.crtend-x86_64.o] ==> obj [/opt/cray/pe/cce/16.0.1/cce-clang/x86_64/lib/clang/16/lib/linux/clang_rt.crtend-x86_64.o]
    arg [/usr/lib/../lib64/crtn.o] ==> obj [/usr/lib/../lib64/crtn.o]
  remove lib [/opt/cray/pe/cce/16.0.1/cce-clang/x86_64/lib/clang/16/lib/linux/libclang_rt.builtins-x86_64.a]
  remove lib [/opt/cray/pe/cce/16.0.1/cce-clang/x86_64/lib/clang/16/lib/linux/libclang_rt.builtins-x86_64.a]
  collapse obj [/usr/lib/../lib64/crt1.o] ==> [/usr/lib64/crt1.o]
  collapse obj [/usr/lib/../lib64/crti.o] ==> [/usr/lib64/crti.o]
  collapse obj [/usr/lib/../lib64/crtn.o] ==> [/usr/lib64/crtn.o]
  collapse library dir [/opt/cray/pe/libsci/23.09.1.1/CRAY/12.0/x86_64/lib] ==> [/opt/cray/pe/libsci/23.09.1.1/CRAY/12.0/x86_64/lib]
  collapse library dir [/opt/cray/pe/mpich/8.1.27/ofi/cray/14.0/lib] ==> [/opt/cray/pe/mpich/8.1.27/ofi/cray/14.0/lib]
  collapse library dir [/opt/cray/pe/mpich/8.1.27/gtl/lib] ==> [/opt/cray/pe/mpich/8.1.27/gtl/lib]
  collapse library dir [/opt/rocm-6.0.3/lib] ==> [/opt/rocm-6.0.3/lib]
  collapse library dir [/opt/rocm-6.0.3/lib/rocprofiler] ==> [/opt/rocm-6.0.3/lib/rocprofiler]
  collapse library dir [/opt/rocm-6.0.3/lib/roctracer] ==> [/opt/rocm-6.0.3/lib/roctracer]
  collapse library dir [/opt/cray/xpmem/2.8.2-1.0_5.1__g84a27a5.shasta/lib64] ==> [/opt/cray/xpmem/2.8.2-1.0_5.1__g84a27a5.shasta/lib64]
  collapse library dir [/opt/cray/pe/dsmml/0.2.2/dsmml//lib] ==> [/opt/cray/pe/dsmml/0.2.2/dsmml/lib]
  collapse library dir [/opt/cray/pe/cce/16.0.1/cce/x86_64/lib/pkgconfig/../] ==> [/opt/cray/pe/cce/16.0.1/cce/x86_64/lib]
  collapse library dir [/opt/cray/pe/cce/16.0.1/cce-clang/x86_64/bin/../lib/x86_64-unknown-linux-gnu] ==> [/opt/cray/pe/cce/16.0.1/cce-clang/x86_64/lib/x86_64-unknown-linux-gnu]
  collapse library dir [/opt/cray/pe/gcc/10.3.0/snos/lib/gcc/x86_64-suse-linux/10.3.0] ==> [/opt/cray/pe/gcc/10.3.0/snos/lib/gcc/x86_64-suse-linux/10.3.0]
  collapse library dir [/opt/cray/pe/gcc/10.3.0/snos/lib/gcc/x86_64-suse-linux/10.3.0/../../../../lib64] ==> [/opt/cray/pe/gcc/10.3.0/snos/lib64]
  collapse library dir [/lib/../lib64] ==> [/lib64]
  collapse library dir [/usr/lib/../lib64] ==> [/usr/lib64]
  collapse library dir [/lib] ==> [/lib]
  collapse library dir [/usr/lib] ==> [/usr/lib]
  collapse library dir [/opt/cray/pe/cce/16.0.1/cce-clang/x86_64/lib/x86_64-unknown-linux-gnu] ==> [/opt/cray/pe/cce/16.0.1/cce-clang/x86_64/lib/x86_64-unknown-linux-gnu]
  collapse library dir [/opt/cray/pe/cce/16.0.1/cce-clang/x86_64/lib/x86_64-unknown-linux-gnu] ==> [/opt/cray/pe/cce/16.0.1/cce-clang/x86_64/lib/x86_64-unknown-linux-gnu]
  implicit libs: [amdhip64;sci_cray_mpi;sci_cray;dl;mpi_cray;mpi_gtl_hsa;dsmml;xpmem;stdc++;pgas-shmem;quadmath;modules;fi;craymath;f;u;csup;pthread;atomic;m;unwind;c;unwind]
  implicit objs: [/usr/lib64/crt1.o;/usr/lib64/crti.o;/opt/cray/pe/cce/16.0.1/cce-clang/x86_64/lib/clang/16/lib/linux/clang_rt.crtbegin-x86_64.o;/opt/cray/pe/cce/16.0.1/cce/x86_64/lib/no_mmap.o;/opt/cray/pe/cce/16.0.1/cce-clang/x86_64/lib/clang/16/lib/linux/clang_rt.crtend-x86_64.o;/usr/lib64/crtn.o]
  implicit dirs: [/opt/cray/pe/libsci/23.09.1.1/CRAY/12.0/x86_64/lib;/opt/cray/pe/mpich/8.1.27/ofi/cray/14.0/lib;/opt/cray/pe/mpich/8.1.27/gtl/lib;/opt/rocm-6.0.3/lib;/opt/rocm-6.0.3/lib/rocprofiler;/opt/rocm-6.0.3/lib/roctracer;/opt/cray/xpmem/2.8.2-1.0_5.1__g84a27a5.shasta/lib64;/opt/cray/pe/dsmml/0.2.2/dsmml/lib;/opt/cray/pe/cce/16.0.1/cce/x86_64/lib;/opt/cray/pe/cce/16.0.1/cce-clang/x86_64/lib/x86_64-unknown-linux-gnu;/opt/cray/pe/gcc/10.3.0/snos/lib/gcc/x86_64-suse-linux/10.3.0;/opt/cray/pe/gcc/10.3.0/snos/lib64;/lib64;/usr/lib64;/lib;/usr/lib]
  implicit fwks: []


Detecting CXX compiler ABI info compiled with the following output:
Change Dir: /pfs/lustrep1/scratch/project_465000972/test/HPCTrainingExamples/HIP/rocblasother/build/CMakeFiles/CMakeTmp

Run Build Command(s):/usr/bin/gmake -f Makefile cmTC_4109a/fast && /usr/bin/gmake  -f CMakeFiles/cmTC_4109a.dir/build.make CMakeFiles/cmTC_4109a.dir/build
gmake[1]: Entering directory '/pfs/lustrep1/scratch/project_465000972/test/HPCTrainingExamples/HIP/rocblasother/build/CMakeFiles/CMakeTmp'
Building CXX object CMakeFiles/cmTC_4109a.dir/CMakeCXXCompilerABI.cpp.o
/opt/cray/pe/craype/2.7.23/bin/CC   -v -MD -MT CMakeFiles/cmTC_4109a.dir/CMakeCXXCompilerABI.cpp.o -MF CMakeFiles/cmTC_4109a.dir/CMakeCXXCompilerABI.cpp.o.d -o CMakeFiles/cmTC_4109a.dir/CMakeCXXCompilerABI.cpp.o -c /usr/share/cmake/Modules/CMakeCXXCompilerABI.cpp
Cray clang version 16.0.1  (6d4824324d375100ba18ca639dfc956fe6546d06)
Target: x86_64-unknown-linux-gnu
Thread model: posix
InstalledDir: /opt/cray/pe/cce/16.0.1/cce-clang/x86_64/share/../bin
Found candidate GCC installation: /opt/cray/pe/gcc/10.3.0/snos/lib/gcc/x86_64-suse-linux/10.3.0
Selected GCC installation: /opt/cray/pe/gcc/10.3.0/snos/lib/gcc/x86_64-suse-linux/10.3.0
Candidate multilib: .;@m64
Selected multilib: .;@m64
Found HIP installation: /opt/rocm-6.0.3, version 6.0.32831
 (in-process)
 "/opt/cray/pe/cce/16.0.1/cce-clang/x86_64/bin/clang-16" -cc1 -triple x86_64-unknown-linux-gnu -mllvm -cray-omp-opt-fork-call -mllvm -cray-omp-parallel-opt-call -mllvm -cray-openmp-rename-outlined -fcray-gpu -flocal-restrict -mllvm -cray-enhanced-asm=1 -fenhanced-asm=1 -mllvm -cray-enhanced-ir=1 -fenhanced-ir=1 -fomp-local-offload-table -ffortran -emit-obj -mrelax-all -disable-free -clear-ast-before-backend -main-file-name CMakeCXXCompilerABI.cpp -mrelocation-model static -mframe-pointer=all -fmath-errno -ffp-contract=on -fno-rounding-math -mconstructor-aliases -funwind-tables=2 -target-cpu znver3 -mllvm -treat-scalable-fixed-error-as-warning -debugger-tuning=gdb -v -fcoverage-compilation-dir=/pfs/lustrep1/scratch/project_465000972/test/HPCTrainingExamples/HIP/rocblasother/build/CMakeFiles/CMakeTmp -resource-dir /opt/cray/pe/cce/16.0.1/cce-clang/x86_64/lib/clang/16 -dependency-file CMakeFiles/cmTC_4109a.dir/CMakeCXXCompilerABI.cpp.o.d -MT CMakeFiles/cmTC_4109a.dir/CMakeCXXCompilerABI.cpp.o -sys-header-deps -isystem /opt/cray/pe/cce/16.0.1/cce-clang/x86_64/lib/clang/16/include -isystem /opt/cray/pe/cce/16.0.1/cce/x86_64/include/craylibs -D __CRAY_X86_TRENTO -D __CRAY_AMD_GFX90A -D __CRAYXT_COMPUTE_LINUX_TARGET -D __HIP_PLATFORM_AMD__ -I /opt/cray/pe/libsci/23.09.1.1/CRAY/12.0/x86_64/include -I /opt/cray/pe/mpich/8.1.27/ofi/cray/14.0/include -I /opt/rocm-6.0.3/include -I /opt/rocm-6.0.3/include/rocprofiler -I /opt/rocm-6.0.3/include/roctracer -I /opt/cray/xpmem/2.8.2-1.0_5.1__g84a27a5.shasta/include -I /opt/cray/pe/dsmml/0.2.2/dsmml//include -internal-isystem /opt/cray/pe/gcc/10.3.0/snos/lib/gcc/x86_64-suse-linux/10.3.0/../../../../include/g++ -internal-isystem /opt/cray/pe/gcc/10.3.0/snos/lib/gcc/x86_64-suse-linux/10.3.0/../../../../include/g++/x86_64-suse-linux -internal-isystem /opt/cray/pe/gcc/10.3.0/snos/lib/gcc/x86_64-suse-linux/10.3.0/../../../../include/g++/backward -internal-isystem /opt/cray/pe/cce/16.0.1/cce-clang/x86_64/lib/clang/16/include -internal-isystem /usr/local/include -internal-isystem /opt/cray/pe/gcc/10.3.0/snos/lib/gcc/x86_64-suse-linux/10.3.0/../../../../x86_64-suse-linux/include -internal-externc-isystem /include -internal-externc-isystem /usr/include -fdeprecated-macro -fdebug-compilation-dir=/pfs/lustrep1/scratch/project_465000972/test/HPCTrainingExamples/HIP/rocblasother/build/CMakeFiles/CMakeTmp -ferror-limit 19 -fgnuc-version=4.2.1 -fcxx-exceptions -fexceptions -faddrsig -D__GCC_HAVE_DWARF2_CFI_ASM=1 -o CMakeFiles/cmTC_4109a.dir/CMakeCXXCompilerABI.cpp.o -x c++ /usr/share/cmake/Modules/CMakeCXXCompilerABI.cpp
clang -cc1 version 16.0.6 based upon LLVM 16.0.6 default target x86_64-unknown-linux-gnu
ignoring nonexistent directory "/opt/cray/pe/gcc/10.3.0/snos/lib/gcc/x86_64-suse-linux/10.3.0/../../../../x86_64-suse-linux/include"
ignoring nonexistent directory "/include"
ignoring duplicate directory "/opt/cray/pe/cce/16.0.1/cce-clang/x86_64/lib/clang/16/include"
#include "..." search starts here:
#include <...> search starts here:
 /opt/cray/pe/libsci/23.09.1.1/CRAY/12.0/x86_64/include
 /opt/cray/pe/mpich/8.1.27/ofi/cray/14.0/include
 /opt/rocm-6.0.3/include
 /opt/rocm-6.0.3/include/rocprofiler
 /opt/rocm-6.0.3/include/roctracer
 /opt/cray/xpmem/2.8.2-1.0_5.1__g84a27a5.shasta/include
 /opt/cray/pe/dsmml/0.2.2/dsmml//include
 /opt/cray/pe/cce/16.0.1/cce-clang/x86_64/lib/clang/16/include
 /opt/cray/pe/cce/16.0.1/cce/x86_64/include/craylibs
 /opt/cray/pe/gcc/10.3.0/snos/lib/gcc/x86_64-suse-linux/10.3.0/../../../../include/g++
 /opt/cray/pe/gcc/10.3.0/snos/lib/gcc/x86_64-suse-linux/10.3.0/../../../../include/g++/x86_64-suse-linux
 /opt/cray/pe/gcc/10.3.0/snos/lib/gcc/x86_64-suse-linux/10.3.0/../../../../include/g++/backward
 /usr/local/include
 /usr/include
End of search list.
Linking CXX executable cmTC_4109a
/usr/bin/cmake -E cmake_link_script CMakeFiles/cmTC_4109a.dir/link.txt --verbose=1
/opt/cray/pe/craype/2.7.23/bin/CC  -v CMakeFiles/cmTC_4109a.dir/CMakeCXXCompilerABI.cpp.o -o cmTC_4109a 
Cray clang version 16.0.1  (6d4824324d375100ba18ca639dfc956fe6546d06)
Target: x86_64-unknown-linux-gnu
Thread model: posix
InstalledDir: /opt/cray/pe/cce/16.0.1/cce-clang/x86_64/share/../bin
Found candidate GCC installation: /opt/cray/pe/gcc/10.3.0/snos/lib/gcc/x86_64-suse-linux/10.3.0
Selected GCC installation: /opt/cray/pe/gcc/10.3.0/snos/lib/gcc/x86_64-suse-linux/10.3.0
Candidate multilib: .;@m64
Selected multilib: .;@m64
Found HIP installation: /opt/rocm-6.0.3, version 6.0.32831
 "/opt/cray/pe/cce/16.0.1/cce-clang/x86_64/share/../bin/ld.lld" --hash-style=gnu --eh-frame-hdr -m elf_x86_64 -dynamic-linker /lib64/ld-linux-x86-64.so.2 -o cmTC_4109a /usr/lib/../lib64/crt1.o /usr/lib/../lib64/crti.o /opt/cray/pe/cce/16.0.1/cce-clang/x86_64/lib/clang/16/lib/linux/clang_rt.crtbegin-x86_64.o -L/opt/cray/pe/libsci/23.09.1.1/CRAY/12.0/x86_64/lib -L/opt/cray/pe/mpich/8.1.27/ofi/cray/14.0/lib -L/opt/cray/pe/mpich/8.1.27/gtl/lib -L/opt/rocm-6.0.3/lib -L/opt/rocm-6.0.3/lib/rocprofiler -L/opt/rocm-6.0.3/lib/roctracer -L/opt/cray/xpmem/2.8.2-1.0_5.1__g84a27a5.shasta/lib64 -L/opt/cray/pe/dsmml/0.2.2/dsmml//lib -L/opt/cray/pe/cce/16.0.1/cce/x86_64/lib/pkgconfig/../ -L/opt/cray/pe/cce/16.0.1/cce-clang/x86_64/bin/../lib/x86_64-unknown-linux-gnu -L/opt/cray/pe/gcc/10.3.0/snos/lib/gcc/x86_64-suse-linux/10.3.0 -L/opt/cray/pe/gcc/10.3.0/snos/lib/gcc/x86_64-suse-linux/10.3.0/../../../../lib64 -L/lib/../lib64 -L/usr/lib/../lib64 -L/lib -L/usr/lib -plugin-opt=mcpu=znver3 -plugin-opt=lto=0 -plugin-opt=defaults=cray -plugin-opt=mllvm=-cray-math-precision=none -rpath=/opt/cray/pe/cce/16.0.1/cce/x86_64/lib CMakeFiles/cmTC_4109a.dir/CMakeCXXCompilerABI.cpp.o -lamdhip64 --as-needed -lsci_cray_mpi --no-as-needed --as-needed -lsci_cray --no-as-needed -ldl --as-needed -lmpi_cray --no-as-needed -lmpi_gtl_hsa --as-needed -ldsmml --no-as-needed -lxpmem --as-needed -lstdc++ --no-as-needed --as-needed -lpgas-shmem --no-as-needed -lquadmath -lmodules -lfi -lcraymath -lf -lu -lcsup --as-needed -lpthread -latomic --no-as-needed --as-needed -lm --no-as-needed --disable-new-dtags /opt/cray/pe/cce/16.0.1/cce/x86_64/lib/no_mmap.o -lstdc++ -lm /opt/cray/pe/cce/16.0.1/cce-clang/x86_64/lib/clang/16/lib/linux/libclang_rt.builtins-x86_64.a --as-needed -L/opt/cray/pe/cce/16.0.1/cce-clang/x86_64/lib/x86_64-unknown-linux-gnu -rpath=/opt/cray/pe/cce/16.0.1/cce-clang/x86_64/lib/x86_64-unknown-linux-gnu /opt/cray/pe/cce/16.0.1/cce-clang/x86_64/lib/x86_64-unknown-linux-gnu/libunwind.so -lunwind --no-as-needed -lc /opt/cray/pe/cce/16.0.1/cce-clang/x86_64/lib/clang/16/lib/linux/libclang_rt.builtins-x86_64.a --as-needed -L/opt/cray/pe/cce/16.0.1/cce-clang/x86_64/lib/x86_64-unknown-linux-gnu -rpath=/opt/cray/pe/cce/16.0.1/cce-clang/x86_64/lib/x86_64-unknown-linux-gnu /opt/cray/pe/cce/16.0.1/cce-clang/x86_64/lib/x86_64-unknown-linux-gnu/libunwind.so -lunwind --no-as-needed /opt/cray/pe/cce/16.0.1/cce-clang/x86_64/lib/clang/16/lib/linux/clang_rt.crtend-x86_64.o /usr/lib/../lib64/crtn.o
gmake[1]: Leaving directory '/pfs/lustrep1/scratch/project_465000972/test/HPCTrainingExamples/HIP/rocblasother/build/CMakeFiles/CMakeTmp'



Parsed CXX implicit include dir info from above output: rv=done
  found start of include info
  found start of implicit include info
    add: [/opt/cray/pe/libsci/23.09.1.1/CRAY/12.0/x86_64/include]
    add: [/opt/cray/pe/mpich/8.1.27/ofi/cray/14.0/include]
    add: [/opt/rocm-6.0.3/include]
    add: [/opt/rocm-6.0.3/include/rocprofiler]
    add: [/opt/rocm-6.0.3/include/roctracer]
    add: [/opt/cray/xpmem/2.8.2-1.0_5.1__g84a27a5.shasta/include]
    add: [/opt/cray/pe/dsmml/0.2.2/dsmml//include]
    add: [/opt/cray/pe/cce/16.0.1/cce-clang/x86_64/lib/clang/16/include]
    add: [/opt/cray/pe/cce/16.0.1/cce/x86_64/include/craylibs]
    add: [/opt/cray/pe/gcc/10.3.0/snos/lib/gcc/x86_64-suse-linux/10.3.0/../../../../include/g++]
    add: [/opt/cray/pe/gcc/10.3.0/snos/lib/gcc/x86_64-suse-linux/10.3.0/../../../../include/g++/x86_64-suse-linux]
    add: [/opt/cray/pe/gcc/10.3.0/snos/lib/gcc/x86_64-suse-linux/10.3.0/../../../../include/g++/backward]
    add: [/usr/local/include]
    add: [/usr/include]
  end of search list found
  collapse include dir [/opt/cray/pe/libsci/23.09.1.1/CRAY/12.0/x86_64/include] ==> [/opt/cray/pe/libsci/23.09.1.1/CRAY/12.0/x86_64/include]
  collapse include dir [/opt/cray/pe/mpich/8.1.27/ofi/cray/14.0/include] ==> [/opt/cray/pe/mpich/8.1.27/ofi/cray/14.0/include]
  collapse include dir [/opt/rocm-6.0.3/include] ==> [/opt/rocm-6.0.3/include]
  collapse include dir [/opt/rocm-6.0.3/include/rocprofiler] ==> [/opt/rocm-6.0.3/include/rocprofiler]
  collapse include dir [/opt/rocm-6.0.3/include/roctracer] ==> [/opt/rocm-6.0.3/include/roctracer]
  collapse include dir [/opt/cray/xpmem/2.8.2-1.0_5.1__g84a27a5.shasta/include] ==> [/opt/cray/xpmem/2.8.2-1.0_5.1__g84a27a5.shasta/include]
  collapse include dir [/opt/cray/pe/dsmml/0.2.2/dsmml//include] ==> [/opt/cray/pe/dsmml/0.2.2/dsmml/include]
  collapse include dir [/opt/cray/pe/cce/16.0.1/cce-clang/x86_64/lib/clang/16/include] ==> [/opt/cray/pe/cce/16.0.1/cce-clang/x86_64/lib/clang/16/include]
  collapse include dir [/opt/cray/pe/cce/16.0.1/cce/x86_64/include/craylibs] ==> [/opt/cray/pe/cce/16.0.1/cce/x86_64/include/craylibs]
  collapse include dir [/opt/cray/pe/gcc/10.3.0/snos/lib/gcc/x86_64-suse-linux/10.3.0/../../../../include/g++] ==> [/opt/cray/pe/gcc/10.3.0/snos/include/g++]
  collapse include dir [/opt/cray/pe/gcc/10.3.0/snos/lib/gcc/x86_64-suse-linux/10.3.0/../../../../include/g++/x86_64-suse-linux] ==> [/opt/cray/pe/gcc/10.3.0/snos/include/g++/x86_64-suse-linux]
  collapse include dir [/opt/cray/pe/gcc/10.3.0/snos/lib/gcc/x86_64-suse-linux/10.3.0/../../../../include/g++/backward] ==> [/opt/cray/pe/gcc/10.3.0/snos/include/g++/backward]
  collapse include dir [/usr/local/include] ==> [/usr/local/include]
  collapse include dir [/usr/include] ==> [/usr/include]
  implicit include dirs: [/opt/cray/pe/libsci/23.09.1.1/CRAY/12.0/x86_64/include;/opt/cray/pe/mpich/8.1.27/ofi/cray/14.0/include;/opt/rocm-6.0.3/include;/opt/rocm-6.0.3/include/rocprofiler;/opt/rocm-6.0.3/include/roctracer;/opt/cray/xpmem/2.8.2-1.0_5.1__g84a27a5.shasta/include;/opt/cray/pe/dsmml/0.2.2/dsmml/include;/opt/cray/pe/cce/16.0.1/cce-clang/x86_64/lib/clang/16/include;/opt/cray/pe/cce/16.0.1/cce/x86_64/include/craylibs;/opt/cray/pe/gcc/10.3.0/snos/include/g++;/opt/cray/pe/gcc/10.3.0/snos/include/g++/x86_64-suse-linux;/opt/cray/pe/gcc/10.3.0/snos/include/g++/backward;/usr/local/include;/usr/include]


Parsed CXX implicit link information from above output:
  link line regex: [^( *|.*[/\])(ld|CMAKE_LINK_STARTFILE-NOTFOUND|([^/\]+-)?ld|collect2)[^/\]*( |$)]
  ignore line: [Change Dir: /pfs/lustrep1/scratch/project_465000972/test/HPCTrainingExamples/HIP/rocblasother/build/CMakeFiles/CMakeTmp]
  ignore line: []
  ignore line: [Run Build Command(s):/usr/bin/gmake -f Makefile cmTC_4109a/fast && /usr/bin/gmake  -f CMakeFiles/cmTC_4109a.dir/build.make CMakeFiles/cmTC_4109a.dir/build]
  ignore line: [gmake[1]: Entering directory '/pfs/lustrep1/scratch/project_465000972/test/HPCTrainingExamples/HIP/rocblasother/build/CMakeFiles/CMakeTmp']
  ignore line: [Building CXX object CMakeFiles/cmTC_4109a.dir/CMakeCXXCompilerABI.cpp.o]
  ignore line: [/opt/cray/pe/craype/2.7.23/bin/CC   -v -MD -MT CMakeFiles/cmTC_4109a.dir/CMakeCXXCompilerABI.cpp.o -MF CMakeFiles/cmTC_4109a.dir/CMakeCXXCompilerABI.cpp.o.d -o CMakeFiles/cmTC_4109a.dir/CMakeCXXCompilerABI.cpp.o -c /usr/share/cmake/Modules/CMakeCXXCompilerABI.cpp]
  ignore line: [Cray clang version 16.0.1  (6d4824324d375100ba18ca639dfc956fe6546d06)]
  ignore line: [Target: x86_64-unknown-linux-gnu]
  ignore line: [Thread model: posix]
  ignore line: [InstalledDir: /opt/cray/pe/cce/16.0.1/cce-clang/x86_64/share/../bin]
  ignore line: [Found candidate GCC installation: /opt/cray/pe/gcc/10.3.0/snos/lib/gcc/x86_64-suse-linux/10.3.0]
  ignore line: [Selected GCC installation: /opt/cray/pe/gcc/10.3.0/snos/lib/gcc/x86_64-suse-linux/10.3.0]
  ignore line: [Candidate multilib: .]
  ignore line: [@m64]
  ignore line: [Selected multilib: .]
  ignore line: [@m64]
  ignore line: [Found HIP installation: /opt/rocm-6.0.3  version 6.0.32831]
  ignore line: [ (in-process)]
  ignore line: [ "/opt/cray/pe/cce/16.0.1/cce-clang/x86_64/bin/clang-16" -cc1 -triple x86_64-unknown-linux-gnu -mllvm -cray-omp-opt-fork-call -mllvm -cray-omp-parallel-opt-call -mllvm -cray-openmp-rename-outlined -fcray-gpu -flocal-restrict -mllvm -cray-enhanced-asm=1 -fenhanced-asm=1 -mllvm -cray-enhanced-ir=1 -fenhanced-ir=1 -fomp-local-offload-table -ffortran -emit-obj -mrelax-all -disable-free -clear-ast-before-backend -main-file-name CMakeCXXCompilerABI.cpp -mrelocation-model static -mframe-pointer=all -fmath-errno -ffp-contract=on -fno-rounding-math -mconstructor-aliases -funwind-tables=2 -target-cpu znver3 -mllvm -treat-scalable-fixed-error-as-warning -debugger-tuning=gdb -v -fcoverage-compilation-dir=/pfs/lustrep1/scratch/project_465000972/test/HPCTrainingExamples/HIP/rocblasother/build/CMakeFiles/CMakeTmp -resource-dir /opt/cray/pe/cce/16.0.1/cce-clang/x86_64/lib/clang/16 -dependency-file CMakeFiles/cmTC_4109a.dir/CMakeCXXCompilerABI.cpp.o.d -MT CMakeFiles/cmTC_4109a.dir/CMakeCXXCompilerABI.cpp.o -sys-header-deps -isystem /opt/cray/pe/cce/16.0.1/cce-clang/x86_64/lib/clang/16/include -isystem /opt/cray/pe/cce/16.0.1/cce/x86_64/include/craylibs -D __CRAY_X86_TRENTO -D __CRAY_AMD_GFX90A -D __CRAYXT_COMPUTE_LINUX_TARGET -D __HIP_PLATFORM_AMD__ -I /opt/cray/pe/libsci/23.09.1.1/CRAY/12.0/x86_64/include -I /opt/cray/pe/mpich/8.1.27/ofi/cray/14.0/include -I /opt/rocm-6.0.3/include -I /opt/rocm-6.0.3/include/rocprofiler -I /opt/rocm-6.0.3/include/roctracer -I /opt/cray/xpmem/2.8.2-1.0_5.1__g84a27a5.shasta/include -I /opt/cray/pe/dsmml/0.2.2/dsmml//include -internal-isystem /opt/cray/pe/gcc/10.3.0/snos/lib/gcc/x86_64-suse-linux/10.3.0/../../../../include/g++ -internal-isystem /opt/cray/pe/gcc/10.3.0/snos/lib/gcc/x86_64-suse-linux/10.3.0/../../../../include/g++/x86_64-suse-linux -internal-isystem /opt/cray/pe/gcc/10.3.0/snos/lib/gcc/x86_64-suse-linux/10.3.0/../../../../include/g++/backward -internal-isystem /opt/cray/pe/cce/16.0.1/cce-clang/x86_64/lib/clang/16/include -internal-isystem /usr/local/include -internal-isystem /opt/cray/pe/gcc/10.3.0/snos/lib/gcc/x86_64-suse-linux/10.3.0/../../../../x86_64-suse-linux/include -internal-externc-isystem /include -internal-externc-isystem /usr/include -fdeprecated-macro -fdebug-compilation-dir=/pfs/lustrep1/scratch/project_465000972/test/HPCTrainingExamples/HIP/rocblasother/build/CMakeFiles/CMakeTmp -ferror-limit 19 -fgnuc-version=4.2.1 -fcxx-exceptions -fexceptions -faddrsig -D__GCC_HAVE_DWARF2_CFI_ASM=1 -o CMakeFiles/cmTC_4109a.dir/CMakeCXXCompilerABI.cpp.o -x c++ /usr/share/cmake/Modules/CMakeCXXCompilerABI.cpp]
  ignore line: [clang -cc1 version 16.0.6 based upon LLVM 16.0.6 default target x86_64-unknown-linux-gnu]
  ignore line: [ignoring nonexistent directory "/opt/cray/pe/gcc/10.3.0/snos/lib/gcc/x86_64-suse-linux/10.3.0/../../../../x86_64-suse-linux/include"]
  ignore line: [ignoring nonexistent directory "/include"]
  ignore line: [ignoring duplicate directory "/opt/cray/pe/cce/16.0.1/cce-clang/x86_64/lib/clang/16/include"]
  ignore line: [#include "..." search starts here:]
  ignore line: [#include <...> search starts here:]
  ignore line: [ /opt/cray/pe/libsci/23.09.1.1/CRAY/12.0/x86_64/include]
  ignore line: [ /opt/cray/pe/mpich/8.1.27/ofi/cray/14.0/include]
  ignore line: [ /opt/rocm-6.0.3/include]
  ignore line: [ /opt/rocm-6.0.3/include/rocprofiler]
  ignore line: [ /opt/rocm-6.0.3/include/roctracer]
  ignore line: [ /opt/cray/xpmem/2.8.2-1.0_5.1__g84a27a5.shasta/include]
  ignore line: [ /opt/cray/pe/dsmml/0.2.2/dsmml//include]
  ignore line: [ /opt/cray/pe/cce/16.0.1/cce-clang/x86_64/lib/clang/16/include]
  ignore line: [ /opt/cray/pe/cce/16.0.1/cce/x86_64/include/craylibs]
  ignore line: [ /opt/cray/pe/gcc/10.3.0/snos/lib/gcc/x86_64-suse-linux/10.3.0/../../../../include/g++]
  ignore line: [ /opt/cray/pe/gcc/10.3.0/snos/lib/gcc/x86_64-suse-linux/10.3.0/../../../../include/g++/x86_64-suse-linux]
  ignore line: [ /opt/cray/pe/gcc/10.3.0/snos/lib/gcc/x86_64-suse-linux/10.3.0/../../../../include/g++/backward]
  ignore line: [ /usr/local/include]
  ignore line: [ /usr/include]
  ignore line: [End of search list.]
  ignore line: [Linking CXX executable cmTC_4109a]
  ignore line: [/usr/bin/cmake -E cmake_link_script CMakeFiles/cmTC_4109a.dir/link.txt --verbose=1]
  ignore line: [/opt/cray/pe/craype/2.7.23/bin/CC  -v CMakeFiles/cmTC_4109a.dir/CMakeCXXCompilerABI.cpp.o -o cmTC_4109a ]
  ignore line: [Cray clang version 16.0.1  (6d4824324d375100ba18ca639dfc956fe6546d06)]
  ignore line: [Target: x86_64-unknown-linux-gnu]
  ignore line: [Thread model: posix]
  ignore line: [InstalledDir: /opt/cray/pe/cce/16.0.1/cce-clang/x86_64/share/../bin]
  ignore line: [Found candidate GCC installation: /opt/cray/pe/gcc/10.3.0/snos/lib/gcc/x86_64-suse-linux/10.3.0]
  ignore line: [Selected GCC installation: /opt/cray/pe/gcc/10.3.0/snos/lib/gcc/x86_64-suse-linux/10.3.0]
  ignore line: [Candidate multilib: .]
  ignore line: [@m64]
  ignore line: [Selected multilib: .]
  ignore line: [@m64]
  ignore line: [Found HIP installation: /opt/rocm-6.0.3  version 6.0.32831]
  link line: [ "/opt/cray/pe/cce/16.0.1/cce-clang/x86_64/share/../bin/ld.lld" --hash-style=gnu --eh-frame-hdr -m elf_x86_64 -dynamic-linker /lib64/ld-linux-x86-64.so.2 -o cmTC_4109a /usr/lib/../lib64/crt1.o /usr/lib/../lib64/crti.o /opt/cray/pe/cce/16.0.1/cce-clang/x86_64/lib/clang/16/lib/linux/clang_rt.crtbegin-x86_64.o -L/opt/cray/pe/libsci/23.09.1.1/CRAY/12.0/x86_64/lib -L/opt/cray/pe/mpich/8.1.27/ofi/cray/14.0/lib -L/opt/cray/pe/mpich/8.1.27/gtl/lib -L/opt/rocm-6.0.3/lib -L/opt/rocm-6.0.3/lib/rocprofiler -L/opt/rocm-6.0.3/lib/roctracer -L/opt/cray/xpmem/2.8.2-1.0_5.1__g84a27a5.shasta/lib64 -L/opt/cray/pe/dsmml/0.2.2/dsmml//lib -L/opt/cray/pe/cce/16.0.1/cce/x86_64/lib/pkgconfig/../ -L/opt/cray/pe/cce/16.0.1/cce-clang/x86_64/bin/../lib/x86_64-unknown-linux-gnu -L/opt/cray/pe/gcc/10.3.0/snos/lib/gcc/x86_64-suse-linux/10.3.0 -L/opt/cray/pe/gcc/10.3.0/snos/lib/gcc/x86_64-suse-linux/10.3.0/../../../../lib64 -L/lib/../lib64 -L/usr/lib/../lib64 -L/lib -L/usr/lib -plugin-opt=mcpu=znver3 -plugin-opt=lto=0 -plugin-opt=defaults=cray -plugin-opt=mllvm=-cray-math-precision=none -rpath=/opt/cray/pe/cce/16.0.1/cce/x86_64/lib CMakeFiles/cmTC_4109a.dir/CMakeCXXCompilerABI.cpp.o -lamdhip64 --as-needed -lsci_cray_mpi --no-as-needed --as-needed -lsci_cray --no-as-needed -ldl --as-needed -lmpi_cray --no-as-needed -lmpi_gtl_hsa --as-needed -ldsmml --no-as-needed -lxpmem --as-needed -lstdc++ --no-as-needed --as-needed -lpgas-shmem --no-as-needed -lquadmath -lmodules -lfi -lcraymath -lf -lu -lcsup --as-needed -lpthread -latomic --no-as-needed --as-needed -lm --no-as-needed --disable-new-dtags /opt/cray/pe/cce/16.0.1/cce/x86_64/lib/no_mmap.o -lstdc++ -lm /opt/cray/pe/cce/16.0.1/cce-clang/x86_64/lib/clang/16/lib/linux/libclang_rt.builtins-x86_64.a --as-needed -L/opt/cray/pe/cce/16.0.1/cce-clang/x86_64/lib/x86_64-unknown-linux-gnu -rpath=/opt/cray/pe/cce/16.0.1/cce-clang/x86_64/lib/x86_64-unknown-linux-gnu /opt/cray/pe/cce/16.0.1/cce-clang/x86_64/lib/x86_64-unknown-linux-gnu/libunwind.so -lunwind --no-as-needed -lc /opt/cray/pe/cce/16.0.1/cce-clang/x86_64/lib/clang/16/lib/linux/libclang_rt.builtins-x86_64.a --as-needed -L/opt/cray/pe/cce/16.0.1/cce-clang/x86_64/lib/x86_64-unknown-linux-gnu -rpath=/opt/cray/pe/cce/16.0.1/cce-clang/x86_64/lib/x86_64-unknown-linux-gnu /opt/cray/pe/cce/16.0.1/cce-clang/x86_64/lib/x86_64-unknown-linux-gnu/libunwind.so -lunwind --no-as-needed /opt/cray/pe/cce/16.0.1/cce-clang/x86_64/lib/clang/16/lib/linux/clang_rt.crtend-x86_64.o /usr/lib/../lib64/crtn.o]
    arg [/opt/cray/pe/cce/16.0.1/cce-clang/x86_64/share/../bin/ld.lld] ==> ignore
    arg [--hash-style=gnu] ==> ignore
    arg [--eh-frame-hdr] ==> ignore
    arg [-m] ==> ignore
    arg [elf_x86_64] ==> ignore
    arg [-dynamic-linker] ==> ignore
    arg [/lib64/ld-linux-x86-64.so.2] ==> ignore
    arg [-o] ==> ignore
    arg [cmTC_4109a] ==> ignore
    arg [/usr/lib/../lib64/crt1.o] ==> obj [/usr/lib/../lib64/crt1.o]
    arg [/usr/lib/../lib64/crti.o] ==> obj [/usr/lib/../lib64/crti.o]
    arg [/opt/cray/pe/cce/16.0.1/cce-clang/x86_64/lib/clang/16/lib/linux/clang_rt.crtbegin-x86_64.o] ==> obj [/opt/cray/pe/cce/16.0.1/cce-clang/x86_64/lib/clang/16/lib/linux/clang_rt.crtbegin-x86_64.o]
    arg [-L/opt/cray/pe/libsci/23.09.1.1/CRAY/12.0/x86_64/lib] ==> dir [/opt/cray/pe/libsci/23.09.1.1/CRAY/12.0/x86_64/lib]
    arg [-L/opt/cray/pe/mpich/8.1.27/ofi/cray/14.0/lib] ==> dir [/opt/cray/pe/mpich/8.1.27/ofi/cray/14.0/lib]
    arg [-L/opt/cray/pe/mpich/8.1.27/gtl/lib] ==> dir [/opt/cray/pe/mpich/8.1.27/gtl/lib]
    arg [-L/opt/rocm-6.0.3/lib] ==> dir [/opt/rocm-6.0.3/lib]
    arg [-L/opt/rocm-6.0.3/lib/rocprofiler] ==> dir [/opt/rocm-6.0.3/lib/rocprofiler]
    arg [-L/opt/rocm-6.0.3/lib/roctracer] ==> dir [/opt/rocm-6.0.3/lib/roctracer]
    arg [-L/opt/cray/xpmem/2.8.2-1.0_5.1__g84a27a5.shasta/lib64] ==> dir [/opt/cray/xpmem/2.8.2-1.0_5.1__g84a27a5.shasta/lib64]
    arg [-L/opt/cray/pe/dsmml/0.2.2/dsmml//lib] ==> dir [/opt/cray/pe/dsmml/0.2.2/dsmml//lib]
    arg [-L/opt/cray/pe/cce/16.0.1/cce/x86_64/lib/pkgconfig/../] ==> dir [/opt/cray/pe/cce/16.0.1/cce/x86_64/lib/pkgconfig/../]
    arg [-L/opt/cray/pe/cce/16.0.1/cce-clang/x86_64/bin/../lib/x86_64-unknown-linux-gnu] ==> dir [/opt/cray/pe/cce/16.0.1/cce-clang/x86_64/bin/../lib/x86_64-unknown-linux-gnu]
    arg [-L/opt/cray/pe/gcc/10.3.0/snos/lib/gcc/x86_64-suse-linux/10.3.0] ==> dir [/opt/cray/pe/gcc/10.3.0/snos/lib/gcc/x86_64-suse-linux/10.3.0]
    arg [-L/opt/cray/pe/gcc/10.3.0/snos/lib/gcc/x86_64-suse-linux/10.3.0/../../../../lib64] ==> dir [/opt/cray/pe/gcc/10.3.0/snos/lib/gcc/x86_64-suse-linux/10.3.0/../../../../lib64]
    arg [-L/lib/../lib64] ==> dir [/lib/../lib64]
    arg [-L/usr/lib/../lib64] ==> dir [/usr/lib/../lib64]
    arg [-L/lib] ==> dir [/lib]
    arg [-L/usr/lib] ==> dir [/usr/lib]
    arg [-plugin-opt=mcpu=znver3] ==> ignore
    arg [-plugin-opt=lto=0] ==> ignore
    arg [-plugin-opt=defaults=cray] ==> ignore
    arg [-plugin-opt=mllvm=-cray-math-precision=none] ==> ignore
    arg [-rpath=/opt/cray/pe/cce/16.0.1/cce/x86_64/lib] ==> ignore
    arg [CMakeFiles/cmTC_4109a.dir/CMakeCXXCompilerABI.cpp.o] ==> ignore
    arg [-lamdhip64] ==> lib [amdhip64]
    arg [--as-needed] ==> ignore
    arg [-lsci_cray_mpi] ==> lib [sci_cray_mpi]
    arg [--no-as-needed] ==> ignore
    arg [--as-needed] ==> ignore
    arg [-lsci_cray] ==> lib [sci_cray]
    arg [--no-as-needed] ==> ignore
    arg [-ldl] ==> lib [dl]
    arg [--as-needed] ==> ignore
    arg [-lmpi_cray] ==> lib [mpi_cray]
    arg [--no-as-needed] ==> ignore
    arg [-lmpi_gtl_hsa] ==> lib [mpi_gtl_hsa]
    arg [--as-needed] ==> ignore
    arg [-ldsmml] ==> lib [dsmml]
    arg [--no-as-needed] ==> ignore
    arg [-lxpmem] ==> lib [xpmem]
    arg [--as-needed] ==> ignore
    arg [-lstdc++] ==> lib [stdc++]
    arg [--no-as-needed] ==> ignore
    arg [--as-needed] ==> ignore
    arg [-lpgas-shmem] ==> lib [pgas-shmem]
    arg [--no-as-needed] ==> ignore
    arg [-lquadmath] ==> lib [quadmath]
    arg [-lmodules] ==> lib [modules]
    arg [-lfi] ==> lib [fi]
    arg [-lcraymath] ==> lib [craymath]
    arg [-lf] ==> lib [f]
    arg [-lu] ==> lib [u]
    arg [-lcsup] ==> lib [csup]
    arg [--as-needed] ==> ignore
    arg [-lpthread] ==> lib [pthread]
    arg [-latomic] ==> lib [atomic]
    arg [--no-as-needed] ==> ignore
    arg [--as-needed] ==> ignore
    arg [-lm] ==> lib [m]
    arg [--no-as-needed] ==> ignore
    arg [--disable-new-dtags] ==> ignore
    arg [/opt/cray/pe/cce/16.0.1/cce/x86_64/lib/no_mmap.o] ==> obj [/opt/cray/pe/cce/16.0.1/cce/x86_64/lib/no_mmap.o]
    arg [-lstdc++] ==> lib [stdc++]
    arg [-lm] ==> lib [m]
    arg [/opt/cray/pe/cce/16.0.1/cce-clang/x86_64/lib/clang/16/lib/linux/libclang_rt.builtins-x86_64.a] ==> lib [/opt/cray/pe/cce/16.0.1/cce-clang/x86_64/lib/clang/16/lib/linux/libclang_rt.builtins-x86_64.a]
    arg [--as-needed] ==> ignore
    arg [-L/opt/cray/pe/cce/16.0.1/cce-clang/x86_64/lib/x86_64-unknown-linux-gnu] ==> dir [/opt/cray/pe/cce/16.0.1/cce-clang/x86_64/lib/x86_64-unknown-linux-gnu]
    arg [-rpath=/opt/cray/pe/cce/16.0.1/cce-clang/x86_64/lib/x86_64-unknown-linux-gnu] ==> ignore
    arg [/opt/cray/pe/cce/16.0.1/cce-clang/x86_64/lib/x86_64-unknown-linux-gnu/libunwind.so] ==> ignore
    arg [-lunwind] ==> lib [unwind]
    arg [--no-as-needed] ==> ignore
    arg [-lc] ==> lib [c]
    arg [/opt/cray/pe/cce/16.0.1/cce-clang/x86_64/lib/clang/16/lib/linux/libclang_rt.builtins-x86_64.a] ==> lib [/opt/cray/pe/cce/16.0.1/cce-clang/x86_64/lib/clang/16/lib/linux/libclang_rt.builtins-x86_64.a]
    arg [--as-needed] ==> ignore
    arg [-L/opt/cray/pe/cce/16.0.1/cce-clang/x86_64/lib/x86_64-unknown-linux-gnu] ==> dir [/opt/cray/pe/cce/16.0.1/cce-clang/x86_64/lib/x86_64-unknown-linux-gnu]
    arg [-rpath=/opt/cray/pe/cce/16.0.1/cce-clang/x86_64/lib/x86_64-unknown-linux-gnu] ==> ignore
    arg [/opt/cray/pe/cce/16.0.1/cce-clang/x86_64/lib/x86_64-unknown-linux-gnu/libunwind.so] ==> ignore
    arg [-lunwind] ==> lib [unwind]
    arg [--no-as-needed] ==> ignore
    arg [/opt/cray/pe/cce/16.0.1/cce-clang/x86_64/lib/clang/16/lib/linux/clang_rt.crtend-x86_64.o] ==> obj [/opt/cray/pe/cce/16.0.1/cce-clang/x86_64/lib/clang/16/lib/linux/clang_rt.crtend-x86_64.o]
    arg [/usr/lib/../lib64/crtn.o] ==> obj [/usr/lib/../lib64/crtn.o]
  remove lib [/opt/cray/pe/cce/16.0.1/cce-clang/x86_64/lib/clang/16/lib/linux/libclang_rt.builtins-x86_64.a]
  remove lib [/opt/cray/pe/cce/16.0.1/cce-clang/x86_64/lib/clang/16/lib/linux/libclang_rt.builtins-x86_64.a]
  collapse obj [/usr/lib/../lib64/crt1.o] ==> [/usr/lib64/crt1.o]
  collapse obj [/usr/lib/../lib64/crti.o] ==> [/usr/lib64/crti.o]
  collapse obj [/usr/lib/../lib64/crtn.o] ==> [/usr/lib64/crtn.o]
  collapse library dir [/opt/cray/pe/libsci/23.09.1.1/CRAY/12.0/x86_64/lib] ==> [/opt/cray/pe/libsci/23.09.1.1/CRAY/12.0/x86_64/lib]
  collapse library dir [/opt/cray/pe/mpich/8.1.27/ofi/cray/14.0/lib] ==> [/opt/cray/pe/mpich/8.1.27/ofi/cray/14.0/lib]
  collapse library dir [/opt/cray/pe/mpich/8.1.27/gtl/lib] ==> [/opt/cray/pe/mpich/8.1.27/gtl/lib]
  collapse library dir [/opt/rocm-6.0.3/lib] ==> [/opt/rocm-6.0.3/lib]
  collapse library dir [/opt/rocm-6.0.3/lib/rocprofiler] ==> [/opt/rocm-6.0.3/lib/rocprofiler]
  collapse library dir [/opt/rocm-6.0.3/lib/roctracer] ==> [/opt/rocm-6.0.3/lib/roctracer]
  collapse library dir [/opt/cray/xpmem/2.8.2-1.0_5.1__g84a27a5.shasta/lib64] ==> [/opt/cray/xpmem/2.8.2-1.0_5.1__g84a27a5.shasta/lib64]
  collapse library dir [/opt/cray/pe/dsmml/0.2.2/dsmml//lib] ==> [/opt/cray/pe/dsmml/0.2.2/dsmml/lib]
  collapse library dir [/opt/cray/pe/cce/16.0.1/cce/x86_64/lib/pkgconfig/../] ==> [/opt/cray/pe/cce/16.0.1/cce/x86_64/lib]
  collapse library dir [/opt/cray/pe/cce/16.0.1/cce-clang/x86_64/bin/../lib/x86_64-unknown-linux-gnu] ==> [/opt/cray/pe/cce/16.0.1/cce-clang/x86_64/lib/x86_64-unknown-linux-gnu]
  collapse library dir [/opt/cray/pe/gcc/10.3.0/snos/lib/gcc/x86_64-suse-linux/10.3.0] ==> [/opt/cray/pe/gcc/10.3.0/snos/lib/gcc/x86_64-suse-linux/10.3.0]
  collapse library dir [/opt/cray/pe/gcc/10.3.0/snos/lib/gcc/x86_64-suse-linux/10.3.0/../../../../lib64] ==> [/opt/cray/pe/gcc/10.3.0/snos/lib64]
  collapse library dir [/lib/../lib64] ==> [/lib64]
  collapse library dir [/usr/lib/../lib64] ==> [/usr/lib64]
  collapse library dir [/lib] ==> [/lib]
  collapse library dir [/usr/lib] ==> [/usr/lib]
  collapse library dir [/opt/cray/pe/cce/16.0.1/cce-clang/x86_64/lib/x86_64-unknown-linux-gnu] ==> [/opt/cray/pe/cce/16.0.1/cce-clang/x86_64/lib/x86_64-unknown-linux-gnu]
  collapse library dir [/opt/cray/pe/cce/16.0.1/cce-clang/x86_64/lib/x86_64-unknown-linux-gnu] ==> [/opt/cray/pe/cce/16.0.1/cce-clang/x86_64/lib/x86_64-unknown-linux-gnu]
  implicit libs: [amdhip64;sci_cray_mpi;sci_cray;dl;mpi_cray;mpi_gtl_hsa;dsmml;xpmem;stdc++;pgas-shmem;quadmath;modules;fi;craymath;f;u;csup;pthread;atomic;m;stdc++;m;unwind;c;unwind]
  implicit objs: [/usr/lib64/crt1.o;/usr/lib64/crti.o;/opt/cray/pe/cce/16.0.1/cce-clang/x86_64/lib/clang/16/lib/linux/clang_rt.crtbegin-x86_64.o;/opt/cray/pe/cce/16.0.1/cce/x86_64/lib/no_mmap.o;/opt/cray/pe/cce/16.0.1/cce-clang/x86_64/lib/clang/16/lib/linux/clang_rt.crtend-x86_64.o;/usr/lib64/crtn.o]
  implicit dirs: [/opt/cray/pe/libsci/23.09.1.1/CRAY/12.0/x86_64/lib;/opt/cray/pe/mpich/8.1.27/ofi/cray/14.0/lib;/opt/cray/pe/mpich/8.1.27/gtl/lib;/opt/rocm-6.0.3/lib;/opt/rocm-6.0.3/lib/rocprofiler;/opt/rocm-6.0.3/lib/roctracer;/opt/cray/xpmem/2.8.2-1.0_5.1__g84a27a5.shasta/lib64;/opt/cray/pe/dsmml/0.2.2/dsmml/lib;/opt/cray/pe/cce/16.0.1/cce/x86_64/lib;/opt/cray/pe/cce/16.0.1/cce-clang/x86_64/lib/x86_64-unknown-linux-gnu;/opt/cray/pe/gcc/10.3.0/snos/lib/gcc/x86_64-suse-linux/10.3.0;/opt/cray/pe/gcc/10.3.0/snos/lib64;/lib64;/usr/lib64;/lib;/usr/lib]
  implicit fwks: []


